<?xml version="1.0" encoding="UTF-8"?>
<beans xmlns="http://www.springframework.org/schema/beans"
	xmlns:xsi="http://www.w3.org/2001/XMLSchema-instance"
	xmlns:context="http://www.springframework.org/schema/context"
	xsi:schemaLocation="http://www.springframework.org/schema/beans http://www.springframework.org/schema/beans/spring-beans-3.2.xsd
		http://www.springframework.org/schema/context http://www.springframework.org/schema/context/spring-context-3.2.xsd">

	<import resource="applicationContext.xml"/>
	
	<bean id="testJdbcTemplate" class="org.springframework.jdbc.core.JdbcTemplate">
		<property name="dataSource" ref="testDataSource"></property>
	</bean>
	<bean id="testDataSource" 
		class="org.springframework.jdbc.datasource.DriverManagerDataSource" 
		parent="dataSource">
		<property name="url" value="jdbc:mysql://localhost:3306/testaci"></property>
	</bean>

</beans>
